#
# A fatal error has been detected by the Java Runtime Environment:
#
#  EXCEPTION_ACCESS_VIOLATION (0xc0000005) at pc=0x00007ffd2f0ea5a8, pid=7948, tid=1264
#
# JRE version: Java(TM) SE Runtime Environment (16.0.1+9) (build 16.0.1+9-24)
# Java VM: Java HotSpot(TM) 64-Bit Server VM (16.0.1+9-24, mixed mode, sharing, tiered, compressed oops, compressed class ptrs, g1 gc, windows-amd64)
# Problematic frame:
# V  [jvm.dll+0x23a5a8]
#
# No core dump will be written. Minidumps are not enabled by default on client versions of Windows
#
# If you would like to submit a bug report, please visit:
#   https://bugreport.java.com/bugreport/crash.jsp
#

---------------  S U M M A R Y ------------

Command Line: -agentlib:jdwp=transport=dt_socket,address=127.0.0.1:57254,suspend=y,server=n -javaagent:C:\Users\UNKNOWN\AppData\Local\JetBrains\IdeaIC2021.2\captureAgent\debugger-agent.jar -Dfile.encoding=UTF-8 Main

Host: Intel(R) Core(TM) i5-6600K CPU @ 3.50GHz, 4 cores, 15G,  Windows 10 , 64 bit Build 19041 (10.0.19041.1645)
Time: Sun May  8 01:17:56 2022 ora legale Europa occidentale elapsed time: 362.673176 seconds (0d 0h 6m 2s)

---------------  T H R E A D  ---------------

Current thread (0x00000291b63959e0):  VMThread "VM Thread" [stack: 0x000000afec600000,0x000000afec700000] [id=1264]

Stack: [0x000000afec600000,0x000000afec700000],  sp=0x000000afec6fe998,  free space=1018k
Native frames: (J=compiled Java code, j=interpreted, Vv=VM code, C=native code)
V  [jvm.dll+0x23a5a8]


siginfo: EXCEPTION_ACCESS_VIOLATION (0xc0000005), reading address 0x00000291b6b4fa30


Register to memory mapping:

RIP=0x00007ffd2f0ea5a8 jvm.dll
RAX=0x00000000000320a0 is an unknown value
RBX=0x00000291b6b1cce0 is pointing into metadata
RCX=0x00000291b6b1d990 is pointing into metadata
RDX=0x0000000000001904 is an unknown value
RSP=0x000000afec6fe998 points into unknown readable memory: 0x00007ffd2f0ea62e | 2e a6 0e 2f fd 7f 00 00
RBP=0x000000afec6fead0 points into unknown readable memory: 0x00000291b6ef99c0 | c0 99 ef b6 91 02 00 00
RSI=0x0 is NULL
RDI=0x000000afec6ff0e0 points into unknown readable memory: 0x00007ffd2f7e21e8 | e8 21 7e 2f fd 7f 00 00
R8 =0x0 is NULL
R9 =0x00000291b6b1cce0 is pointing into metadata
R10=0x000000afec6ff0e0 points into unknown readable memory: 0x00007ffd2f7e21e8 | e8 21 7e 2f fd 7f 00 00
R11=0x00000291b6eceb30 points into unknown readable memory: 0x2fffffff47000000 | 00 00 00 47 ff ff ff 2f
R12=0x00007ffd2eeb0000 jvm.dll
R13=0x00000291b6eceab8 points into unknown readable memory: 0x0000001600000000 | 00 00 00 00 16 00 00 00
R14=0x00000291b6b0fbc7 is pointing into metadata
R15=0x0000000000000056 is an unknown value


Registers:
RAX=0x00000000000320a0, RBX=0x00000291b6b1cce0, RCX=0x00000291b6b1d990, RDX=0x0000000000001904
RSP=0x000000afec6fe998, RBP=0x000000afec6fead0, RSI=0x0000000000000000, RDI=0x000000afec6ff0e0
R8 =0x0000000000000000, R9 =0x00000291b6b1cce0, R10=0x000000afec6ff0e0, R11=0x00000291b6eceb30
R12=0x00007ffd2eeb0000, R13=0x00000291b6eceab8, R14=0x00000291b6b0fbc7, R15=0x0000000000000056
RIP=0x00007ffd2f0ea5a8, EFLAGS=0x0000000000010206

Top of Stack: (sp=0x000000afec6fe998)
0x000000afec6fe998:   00007ffd2f0ea62e 000000afec6fea28
0x000000afec6fe9a8:   0000000000000000 0000000800410068
0x000000afec6fe9b8:   0000000000000000 000000afec6fef50
0x000000afec6fe9c8:   00007ffd2f1dd534 0000000000000000
0x000000afec6fe9d8:   0000000000000000 0000000000000000
0x000000afec6fe9e8:   00000291b7a47688 00000000006c4dc0
0x000000afec6fe9f8:   00007ffd2f0c0482 00000291b6ef8ee0
0x000000afec6fea08:   00007ffd0000000c 0000000000000000
0x000000afec6fea18:   000000afec6fea70 0000000000000001
0x000000afec6fea28:   00000291b6ef8ee0 0000001300000002
0x000000afec6fea38:   0000000000000013 000000030000000c
0x000000afec6fea48:   0000000800410068 0000000000000000
0x000000afec6fea58:   000000004600003e 000000afec6ff1b0
0x000000afec6fea68:   00007ffd2f5955b2 2fffffff4fffffff
0x000000afec6fea78:   4fffffff4fffffff 000000082fffffff
0x000000afec6fea88:   0000000000000000 0000000000000000 

Instructions: (pc=0x00007ffd2f0ea5a8)
0x00007ffd2f0ea4a8:   03 03 03 03 03 03 03 03 03 03 03 03 03 03 03 03
0x00007ffd2f0ea4b8:   03 03 03 03 03 03 03 03 03 03 03 03 03 03 03 03
0x00007ffd2f0ea4c8:   03 03 03 03 03 03 03 03 03 03 03 03 03 03 03 03
0x00007ffd2f0ea4d8:   03 03 03 03 03 03 03 03 03 03 03 03 03 03 03 03
0x00007ffd2f0ea4e8:   03 03 03 02 03 03 02 cc 48 89 5c 24 08 48 89 74
0x00007ffd2f0ea4f8:   24 10 57 48 83 ec 20 48 63 da 41 0f b6 f0 48 8b
0x00007ffd2f0ea508:   f9 85 d2 79 24 4c 8d 0d bc 92 69 00 ba b4 02 00
0x00007ffd2f0ea518:   00 4c 8d 05 e8 92 69 00 48 8d 0d 51 92 69 00 e8
0x00007ffd2f0ea528:   64 88 00 00 e8 0f de 42 00 40 84 f6 75 18 48 8b
0x00007ffd2f0ea538:   4f 10 48 85 c9 74 0f 48 8d 43 01 48 c1 e0 05 48
0x00007ffd2f0ea548:   8b 04 08 0f b7 d8 48 8b 74 24 38 48 63 c3 48 8b
0x00007ffd2f0ea558:   5c 24 30 0f b7 44 c7 48 48 83 c4 20 5f c3 cc cc
0x00007ffd2f0ea568:   cc cc cc cc cc cc cc cc 4c 8b c9 45 84 c0 75 41
0x00007ffd2f0ea578:   48 8b 49 10 48 85 c9 74 38 85 d2 79 19 f7 d2 8b
0x00007ffd2f0ea588:   c2 48 ff c0 48 c1 e0 05 48 8b 04 08 0f b7 c8 41
0x00007ffd2f0ea598:   0f b7 44 c9 4a c3 48 63 c2 48 ff c0 48 c1 e0 05
0x00007ffd2f0ea5a8:   48 8b 04 08 0f b7 d0 48 63 c2 41 0f b7 44 c1 4a
0x00007ffd2f0ea5b8:   c3 49 8b 41 08 4c 63 c2 42 0f b6 44 00 04 8d 48
0x00007ffd2f0ea5c8:   ef 80 f9 01 76 0e 3c 6a 74 0a 48 63 c2 41 0f b7
0x00007ffd2f0ea5d8:   44 c1 4a c3 43 0f b7 44 c1 4a c3 cc cc cc cc cc
0x00007ffd2f0ea5e8:   cc cc cc cc cc cc cc cc 40 53 48 83 ec 20 48 8b
0x00007ffd2f0ea5f8:   d9 e8 72 ff ff ff 48 63 d0 0f b7 44 d3 48 48 8b
0x00007ffd2f0ea608:   44 c3 48 48 83 c4 20 5b c3 cc cc cc cc cc cc cc
0x00007ffd2f0ea618:   cc cc cc cc cc cc cc cc 40 53 48 83 ec 20 48 8b
0x00007ffd2f0ea628:   d9 e8 42 ff ff ff 48 63 d0 0f b7 44 d3 4a 48 8b
0x00007ffd2f0ea638:   44 c3 48 48 83 c4 20 5b c3 cc cc cc cc cc cc cc
0x00007ffd2f0ea648:   cc cc cc cc cc cc cc cc 4c 8b d1 45 84 c9 75 28
0x00007ffd2f0ea658:   4c 8b 49 10 4d 85 c9 74 1f 45 85 c0 79 08 41 f7
0x00007ffd2f0ea668:   d0 41 8b c0 eb 03 49 63 c0 48 ff c0 48 c1 e0 05
0x00007ffd2f0ea678:   4a 8b 04 08 44 0f b7 c0 49 8b 42 08 49 63 c8 0f
0x00007ffd2f0ea688:   b6 4c 08 04 48 8b c2 88 0a c3 cc cc cc cc cc cc
0x00007ffd2f0ea698:   cc cc cc cc cc cc cc cc 40 56 57 41 54 41 56 41 


Stack slot to memory mapping:
stack at sp + 0 slots: 0x00007ffd2f0ea62e jvm.dll
stack at sp + 1 slots: 0x000000afec6fea28 points into unknown readable memory: 0x00000291b6ef8ee0 | e0 8e ef b6 91 02 00 00
stack at sp + 2 slots: 0x0 is NULL
stack at sp + 3 slots: 0x0000000800410068 is pointing into metadata
stack at sp + 4 slots: 0x0 is NULL
stack at sp + 5 slots: 0x000000afec6fef50 points into unknown readable memory: 0x00000291b6b10b80 | 80 0b b1 b6 91 02 00 00
stack at sp + 6 slots: 0x00007ffd2f1dd534 jvm.dll
stack at sp + 7 slots: 0x0 is NULL

VM_Operation (0x000000afed1ff150): get/set locals, mode: safepoint, requested by thread 0x00000291b6e905b0


---------------  P R O C E S S  ---------------

Threads class SMR info:
_java_thread_list=0x00000291b79ef7f0, length=21, elements={
0x00000291b639a630, 0x00000291b639b4f0, 0x00000291b63a6b90, 0x00000291b63a95b0,
0x00000291b63a9fb0, 0x00000291b63aa9b0, 0x00000291b63ab790, 0x00000291b6d38100,
0x00000291b63fe900, 0x00000291b637c6c0, 0x00000291b6e905b0, 0x00000291b6e96b70,
0x00000291b6e8e530, 0x00000291b6ec90e0, 0x00000291b70d8fc0, 0x00000291b70dffd0,
0x00000291b70e93e0, 0x00000291b78bbbd0, 0x00000291b7972440, 0x0000029193fcb650,
0x00000291b6ea30d0
}

Java Threads: ( => current thread )
  0x00000291b639a630 JavaThread "Reference Handler" daemon [_thread_blocked, id=5112, stack(0x000000afec700000,0x000000afec800000)]
  0x00000291b639b4f0 JavaThread "Finalizer" daemon [_thread_blocked, id=6536, stack(0x000000afec800000,0x000000afec900000)]
  0x00000291b63a6b90 JavaThread "Signal Dispatcher" daemon [_thread_blocked, id=2808, stack(0x000000afec900000,0x000000afeca00000)]
  0x00000291b63a95b0 JavaThread "Attach Listener" daemon [_thread_blocked, id=224, stack(0x000000afeca00000,0x000000afecb00000)]
  0x00000291b63a9fb0 JavaThread "Service Thread" daemon [_thread_blocked, id=1780, stack(0x000000afecb00000,0x000000afecc00000)]
  0x00000291b63aa9b0 JavaThread "Monitor Deflation Thread" daemon [_thread_blocked, id=10656, stack(0x000000afecc00000,0x000000afecd00000)]
  0x00000291b63ab790 JavaThread "C2 CompilerThread0" daemon [_thread_blocked, id=10252, stack(0x000000afecd00000,0x000000afece00000)]
  0x00000291b6d38100 JavaThread "C1 CompilerThread0" daemon [_thread_blocked, id=7040, stack(0x000000afece00000,0x000000afecf00000)]
  0x00000291b63fe900 JavaThread "Sweeper thread" daemon [_thread_blocked, id=7448, stack(0x000000afecf00000,0x000000afed000000)]
  0x00000291b637c6c0 JavaThread "Common-Cleaner" daemon [_thread_blocked, id=3584, stack(0x000000afed000000,0x000000afed100000)]
  0x00000291b6e905b0 JavaThread "JDWP Transport Listener: dt_socket" daemon [_thread_blocked, id=2364, stack(0x000000afed100000,0x000000afed200000)]
  0x00000291b6e96b70 JavaThread "JDWP Event Helper Thread" daemon [_thread_blocked, id=7584, stack(0x000000afed200000,0x000000afed300000)]
  0x00000291b6e8e530 JavaThread "JDWP Command Reader" daemon [_thread_in_native, id=6524, stack(0x000000afed300000,0x000000afed400000)]
  0x00000291b6ec90e0 JavaThread "Notification Thread" daemon [_thread_blocked, id=7464, stack(0x000000afed400000,0x000000afed500000)]
  0x00000291b70d8fc0 JavaThread "Java2D Disposer" daemon [_thread_blocked, id=9248, stack(0x000000afed600000,0x000000afed700000)]
  0x00000291b70dffd0 JavaThread "AWT-Shutdown" [_thread_blocked, id=10316, stack(0x000000afed700000,0x000000afed800000)]
  0x00000291b70e93e0 JavaThread "AWT-Windows" daemon [_thread_blocked, id=7784, stack(0x000000afed800000,0x000000afed900000)]
  0x00000291b78bbbd0 JavaThread "AWT-EventQueue-0" [_thread_blocked, id=4476, stack(0x000000afee100000,0x000000afee200000)]
  0x00000291b7972440 JavaThread "TimerQueue" daemon [_thread_blocked, id=9232, stack(0x000000afee200000,0x000000afee300000)]
  0x0000029193fcb650 JavaThread "DestroyJavaVM" [_thread_blocked, id=2552, stack(0x000000afebf00000,0x000000afec000000)]
  0x00000291b6ea30d0 JavaThread "D3D Screen Updater" daemon [_thread_blocked, id=10416, stack(0x000000afee300000,0x000000afee400000)]

Other Threads:
=>0x00000291b63959e0 VMThread "VM Thread" [stack: 0x000000afec600000,0x000000afec700000] [id=1264]
  0x00000291b6ec8c40 WatcherThread [stack: 0x000000afed500000,0x000000afed600000] [id=5176]
  0x000002919401b010 GCTaskThread "GC Thread#0" [stack: 0x000000afec100000,0x000000afec200000] [id=2888]
  0x00000291b7a49bf0 GCTaskThread "GC Thread#1" [stack: 0x000000afee500000,0x000000afee600000] [id=5676]
  0x00000291b7a49f00 GCTaskThread "GC Thread#2" [stack: 0x000000afee600000,0x000000afee700000] [id=1100]
  0x00000291b7a4e220 GCTaskThread "GC Thread#3" [stack: 0x000000afee700000,0x000000afee800000] [id=6204]
  0x000002919402cf30 ConcurrentGCThread "G1 Main Marker" [stack: 0x000000afec200000,0x000000afec300000] [id=5760]
  0x000002919402fa30 ConcurrentGCThread "G1 Conc#0" [stack: 0x000000afec300000,0x000000afec400000] [id=7576]
  0x00000291940ae150 ConcurrentGCThread "G1 Refine#0" [stack: 0x000000afec400000,0x000000afec500000] [id=4580]
  0x00000291940aebd0 ConcurrentGCThread "G1 Service" [stack: 0x000000afec500000,0x000000afec600000] [id=1332]

Threads with active compile tasks:

VM state: at safepoint (normal execution)

VM Mutex/Monitor currently owned by a thread:  ([mutex/lock_event])
[0x0000029193fc7dd0] Threads_lock - owner thread: 0x00000291b63959e0

Heap address: 0x0000000701200000, size: 4078 MB, Compressed Oops mode: Zero based, Oop shift amount: 3

CDS archive(s) mapped at: [0x0000000800000000-0x0000000800bb0000-0x0000000800bb0000), size 12255232, SharedBaseAddress: 0x0000000800000000, ArchiveRelocationMode: 0.
Compressed class space mapped at: 0x0000000800c00000-0x0000000840c00000, reserved size: 1073741824
Narrow klass base: 0x0000000800000000, Narrow klass shift: 3, Narrow klass range: 0x100000000

GC Precious Log:
 CPUs: 4 total, 4 available
 Memory: 16304M
 Large Page Support: Disabled
 NUMA Support: Disabled
 Compressed Oops: Enabled (Zero based)
 Heap Region Size: 2M
 Heap Min Capacity: 8M
 Heap Initial Capacity: 256M
 Heap Max Capacity: 4078M
 Pre-touch: Disabled
 Parallel Workers: 4
 Concurrent Workers: 1
 Concurrent Refinement Workers: 4
 Periodic GC: Disabled

Heap:
 garbage-first heap   total 262144K, used 14178K [0x0000000701200000, 0x0000000800000000)
  region size 2048K, 8 young (16384K), 1 survivors (2048K)
 Metaspace       used 8058K, committed 8256K, reserved 1056768K
  class space    used 786K, committed 896K, reserved 1048576K

Heap Regions: E=young(eden), S=young(survivor), O=old, HS=humongous(starts), HC=humongous(continues), CS=collection set, F=free, OA=open archive, CA=closed archive, TAMS=top-at-mark-start (previous, next)
|   0|0x0000000701200000, 0x0000000701200000, 0x0000000701400000|  0%| F|  |TAMS 0x0000000701200000, 0x0000000701200000| Untracked 
|   1|0x0000000701400000, 0x0000000701400000, 0x0000000701600000|  0%| F|  |TAMS 0x0000000701400000, 0x0000000701400000| Untracked 
|   2|0x0000000701600000, 0x0000000701600000, 0x0000000701800000|  0%| F|  |TAMS 0x0000000701600000, 0x0000000701600000| Untracked 
|   3|0x0000000701800000, 0x0000000701800000, 0x0000000701a00000|  0%| F|  |TAMS 0x0000000701800000, 0x0000000701800000| Untracked 
|   4|0x0000000701a00000, 0x0000000701a00000, 0x0000000701c00000|  0%| F|  |TAMS 0x0000000701a00000, 0x0000000701a00000| Untracked 
|   5|0x0000000701c00000, 0x0000000701c00000, 0x0000000701e00000|  0%| F|  |TAMS 0x0000000701c00000, 0x0000000701c00000| Untracked 
|   6|0x0000000701e00000, 0x0000000701e00000, 0x0000000702000000|  0%| F|  |TAMS 0x0000000701e00000, 0x0000000701e00000| Untracked 
|   7|0x0000000702000000, 0x0000000702000000, 0x0000000702200000|  0%| F|  |TAMS 0x0000000702000000, 0x0000000702000000| Untracked 
|   8|0x0000000702200000, 0x0000000702200000, 0x0000000702400000|  0%| F|  |TAMS 0x0000000702200000, 0x0000000702200000| Untracked 
|   9|0x0000000702400000, 0x0000000702400000, 0x0000000702600000|  0%| F|  |TAMS 0x0000000702400000, 0x0000000702400000| Untracked 
|  10|0x0000000702600000, 0x0000000702600000, 0x0000000702800000|  0%| F|  |TAMS 0x0000000702600000, 0x0000000702600000| Untracked 
|  11|0x0000000702800000, 0x0000000702800000, 0x0000000702a00000|  0%| F|  |TAMS 0x0000000702800000, 0x0000000702800000| Untracked 
|  12|0x0000000702a00000, 0x0000000702a00000, 0x0000000702c00000|  0%| F|  |TAMS 0x0000000702a00000, 0x0000000702a00000| Untracked 
|  13|0x0000000702c00000, 0x0000000702c00000, 0x0000000702e00000|  0%| F|  |TAMS 0x0000000702c00000, 0x0000000702c00000| Untracked 
|  14|0x0000000702e00000, 0x0000000702e00000, 0x0000000703000000|  0%| F|  |TAMS 0x0000000702e00000, 0x0000000702e00000| Untracked 
|  15|0x0000000703000000, 0x0000000703000000, 0x0000000703200000|  0%| F|  |TAMS 0x0000000703000000, 0x0000000703000000| Untracked 
|  16|0x0000000703200000, 0x0000000703200000, 0x0000000703400000|  0%| F|  |TAMS 0x0000000703200000, 0x0000000703200000| Untracked 
|  17|0x0000000703400000, 0x0000000703400000, 0x0000000703600000|  0%| F|  |TAMS 0x0000000703400000, 0x0000000703400000| Untracked 
|  18|0x0000000703600000, 0x0000000703600000, 0x0000000703800000|  0%| F|  |TAMS 0x0000000703600000, 0x0000000703600000| Untracked 
|  19|0x0000000703800000, 0x0000000703800000, 0x0000000703a00000|  0%| F|  |TAMS 0x0000000703800000, 0x0000000703800000| Untracked 
|  20|0x0000000703a00000, 0x0000000703a00000, 0x0000000703c00000|  0%| F|  |TAMS 0x0000000703a00000, 0x0000000703a00000| Untracked 
|  21|0x0000000703c00000, 0x0000000703c00000, 0x0000000703e00000|  0%| F|  |TAMS 0x0000000703c00000, 0x0000000703c00000| Untracked 
|  22|0x0000000703e00000, 0x0000000703e00000, 0x0000000704000000|  0%| F|  |TAMS 0x0000000703e00000, 0x0000000703e00000| Untracked 
|  23|0x0000000704000000, 0x0000000704000000, 0x0000000704200000|  0%| F|  |TAMS 0x0000000704000000, 0x0000000704000000| Untracked 
|  24|0x0000000704200000, 0x0000000704200000, 0x0000000704400000|  0%| F|  |TAMS 0x0000000704200000, 0x0000000704200000| Untracked 
|  25|0x0000000704400000, 0x0000000704400000, 0x0000000704600000|  0%| F|  |TAMS 0x0000000704400000, 0x0000000704400000| Untracked 
|  26|0x0000000704600000, 0x0000000704600000, 0x0000000704800000|  0%| F|  |TAMS 0x0000000704600000, 0x0000000704600000| Untracked 
|  27|0x0000000704800000, 0x0000000704800000, 0x0000000704a00000|  0%| F|  |TAMS 0x0000000704800000, 0x0000000704800000| Untracked 
|  28|0x0000000704a00000, 0x0000000704a00000, 0x0000000704c00000|  0%| F|  |TAMS 0x0000000704a00000, 0x0000000704a00000| Untracked 
|  29|0x0000000704c00000, 0x0000000704c00000, 0x0000000704e00000|  0%| F|  |TAMS 0x0000000704c00000, 0x0000000704c00000| Untracked 
|  30|0x0000000704e00000, 0x0000000704e00000, 0x0000000705000000|  0%| F|  |TAMS 0x0000000704e00000, 0x0000000704e00000| Untracked 
|  31|0x0000000705000000, 0x0000000705000000, 0x0000000705200000|  0%| F|  |TAMS 0x0000000705000000, 0x0000000705000000| Untracked 
|  32|0x0000000705200000, 0x0000000705200000, 0x0000000705400000|  0%| F|  |TAMS 0x0000000705200000, 0x0000000705200000| Untracked 
|  33|0x0000000705400000, 0x0000000705400000, 0x0000000705600000|  0%| F|  |TAMS 0x0000000705400000, 0x0000000705400000| Untracked 
|  34|0x0000000705600000, 0x0000000705600000, 0x0000000705800000|  0%| F|  |TAMS 0x0000000705600000, 0x0000000705600000| Untracked 
|  35|0x0000000705800000, 0x0000000705800000, 0x0000000705a00000|  0%| F|  |TAMS 0x0000000705800000, 0x0000000705800000| Untracked 
|  36|0x0000000705a00000, 0x0000000705a00000, 0x0000000705c00000|  0%| F|  |TAMS 0x0000000705a00000, 0x0000000705a00000| Untracked 
|  37|0x0000000705c00000, 0x0000000705c00000, 0x0000000705e00000|  0%| F|  |TAMS 0x0000000705c00000, 0x0000000705c00000| Untracked 
|  38|0x0000000705e00000, 0x0000000705e00000, 0x0000000706000000|  0%| F|  |TAMS 0x0000000705e00000, 0x0000000705e00000| Untracked 
|  39|0x0000000706000000, 0x0000000706000000, 0x0000000706200000|  0%| F|  |TAMS 0x0000000706000000, 0x0000000706000000| Untracked 
|  40|0x0000000706200000, 0x0000000706200000, 0x0000000706400000|  0%| F|  |TAMS 0x0000000706200000, 0x0000000706200000| Untracked 
|  41|0x0000000706400000, 0x0000000706400000, 0x0000000706600000|  0%| F|  |TAMS 0x0000000706400000, 0x0000000706400000| Untracked 
|  42|0x0000000706600000, 0x0000000706600000, 0x0000000706800000|  0%| F|  |TAMS 0x0000000706600000, 0x0000000706600000| Untracked 
|  43|0x0000000706800000, 0x0000000706800000, 0x0000000706a00000|  0%| F|  |TAMS 0x0000000706800000, 0x0000000706800000| Untracked 
|  44|0x0000000706a00000, 0x0000000706a00000, 0x0000000706c00000|  0%| F|  |TAMS 0x0000000706a00000, 0x0000000706a00000| Untracked 
|  45|0x0000000706c00000, 0x0000000706c00000, 0x0000000706e00000|  0%| F|  |TAMS 0x0000000706c00000, 0x0000000706c00000| Untracked 
|  46|0x0000000706e00000, 0x0000000706e00000, 0x0000000707000000|  0%| F|  |TAMS 0x0000000706e00000, 0x0000000706e00000| Untracked 
|  47|0x0000000707000000, 0x0000000707000000, 0x0000000707200000|  0%| F|  |TAMS 0x0000000707000000, 0x0000000707000000| Untracked 
|  48|0x0000000707200000, 0x0000000707200000, 0x0000000707400000|  0%| F|  |TAMS 0x0000000707200000, 0x0000000707200000| Untracked 
|  49|0x0000000707400000, 0x0000000707400000, 0x0000000707600000|  0%| F|  |TAMS 0x0000000707400000, 0x0000000707400000| Untracked 
|  50|0x0000000707600000, 0x0000000707600000, 0x0000000707800000|  0%| F|  |TAMS 0x0000000707600000, 0x0000000707600000| Untracked 
|  51|0x0000000707800000, 0x0000000707800000, 0x0000000707a00000|  0%| F|  |TAMS 0x0000000707800000, 0x0000000707800000| Untracked 
|  52|0x0000000707a00000, 0x0000000707a00000, 0x0000000707c00000|  0%| F|  |TAMS 0x0000000707a00000, 0x0000000707a00000| Untracked 
|  53|0x0000000707c00000, 0x0000000707c00000, 0x0000000707e00000|  0%| F|  |TAMS 0x0000000707c00000, 0x0000000707c00000| Untracked 
|  54|0x0000000707e00000, 0x0000000707e00000, 0x0000000708000000|  0%| F|  |TAMS 0x0000000707e00000, 0x0000000707e00000| Untracked 
|  55|0x0000000708000000, 0x0000000708000000, 0x0000000708200000|  0%| F|  |TAMS 0x0000000708000000, 0x0000000708000000| Untracked 
|  56|0x0000000708200000, 0x0000000708200000, 0x0000000708400000|  0%| F|  |TAMS 0x0000000708200000, 0x0000000708200000| Untracked 
|  57|0x0000000708400000, 0x0000000708400000, 0x0000000708600000|  0%| F|  |TAMS 0x0000000708400000, 0x0000000708400000| Untracked 
|  58|0x0000000708600000, 0x0000000708600000, 0x0000000708800000|  0%| F|  |TAMS 0x0000000708600000, 0x0000000708600000| Untracked 
|  59|0x0000000708800000, 0x0000000708800000, 0x0000000708a00000|  0%| F|  |TAMS 0x0000000708800000, 0x0000000708800000| Untracked 
|  60|0x0000000708a00000, 0x0000000708a00000, 0x0000000708c00000|  0%| F|  |TAMS 0x0000000708a00000, 0x0000000708a00000| Untracked 
|  61|0x0000000708c00000, 0x0000000708c00000, 0x0000000708e00000|  0%| F|  |TAMS 0x0000000708c00000, 0x0000000708c00000| Untracked 
|  62|0x0000000708e00000, 0x0000000708e00000, 0x0000000709000000|  0%| F|  |TAMS 0x0000000708e00000, 0x0000000708e00000| Untracked 
|  63|0x0000000709000000, 0x0000000709000000, 0x0000000709200000|  0%| F|  |TAMS 0x0000000709000000, 0x0000000709000000| Untracked 
|  64|0x0000000709200000, 0x0000000709200000, 0x0000000709400000|  0%| F|  |TAMS 0x0000000709200000, 0x0000000709200000| Untracked 
|  65|0x0000000709400000, 0x0000000709400000, 0x0000000709600000|  0%| F|  |TAMS 0x0000000709400000, 0x0000000709400000| Untracked 
|  66|0x0000000709600000, 0x0000000709600000, 0x0000000709800000|  0%| F|  |TAMS 0x0000000709600000, 0x0000000709600000| Untracked 
|  67|0x0000000709800000, 0x0000000709800000, 0x0000000709a00000|  0%| F|  |TAMS 0x0000000709800000, 0x0000000709800000| Untracked 
|  68|0x0000000709a00000, 0x0000000709a00000, 0x0000000709c00000|  0%| F|  |TAMS 0x0000000709a00000, 0x0000000709a00000| Untracked 
|  69|0x0000000709c00000, 0x0000000709c00000, 0x0000000709e00000|  0%| F|  |TAMS 0x0000000709c00000, 0x0000000709c00000| Untracked 
|  70|0x0000000709e00000, 0x0000000709e00000, 0x000000070a000000|  0%| F|  |TAMS 0x0000000709e00000, 0x0000000709e00000| Untracked 
|  71|0x000000070a000000, 0x000000070a000000, 0x000000070a200000|  0%| F|  |TAMS 0x000000070a000000, 0x000000070a000000| Untracked 
|  72|0x000000070a200000, 0x000000070a200000, 0x000000070a400000|  0%| F|  |TAMS 0x000000070a200000, 0x000000070a200000| Untracked 
|  73|0x000000070a400000, 0x000000070a400000, 0x000000070a600000|  0%| F|  |TAMS 0x000000070a400000, 0x000000070a400000| Untracked 
|  74|0x000000070a600000, 0x000000070a600000, 0x000000070a800000|  0%| F|  |TAMS 0x000000070a600000, 0x000000070a600000| Untracked 
|  75|0x000000070a800000, 0x000000070a800000, 0x000000070aa00000|  0%| F|  |TAMS 0x000000070a800000, 0x000000070a800000| Untracked 
|  76|0x000000070aa00000, 0x000000070aa00000, 0x000000070ac00000|  0%| F|  |TAMS 0x000000070aa00000, 0x000000070aa00000| Untracked 
|  77|0x000000070ac00000, 0x000000070ac00000, 0x000000070ae00000|  0%| F|  |TAMS 0x000000070ac00000, 0x000000070ac00000| Untracked 
|  78|0x000000070ae00000, 0x000000070ae00000, 0x000000070b000000|  0%| F|  |TAMS 0x000000070ae00000, 0x000000070ae00000| Untracked 
|  79|0x000000070b000000, 0x000000070b000000, 0x000000070b200000|  0%| F|  |TAMS 0x000000070b000000, 0x000000070b000000| Untracked 
|  80|0x000000070b200000, 0x000000070b200000, 0x000000070b400000|  0%| F|  |TAMS 0x000000070b200000, 0x000000070b200000| Untracked 
|  81|0x000000070b400000, 0x000000070b400000, 0x000000070b600000|  0%| F|  |TAMS 0x000000070b400000, 0x000000070b400000| Untracked 
|  82|0x000000070b600000, 0x000000070b600000, 0x000000070b800000|  0%| F|  |TAMS 0x000000070b600000, 0x000000070b600000| Untracked 
|  83|0x000000070b800000, 0x000000070b800000, 0x000000070ba00000|  0%| F|  |TAMS 0x000000070b800000, 0x000000070b800000| Untracked 
|  84|0x000000070ba00000, 0x000000070ba00000, 0x000000070bc00000|  0%| F|  |TAMS 0x000000070ba00000, 0x000000070ba00000| Untracked 
|  85|0x000000070bc00000, 0x000000070bc00000, 0x000000070be00000|  0%| F|  |TAMS 0x000000070bc00000, 0x000000070bc00000| Untracked 
|  86|0x000000070be00000, 0x000000070be00000, 0x000000070c000000|  0%| F|  |TAMS 0x000000070be00000, 0x000000070be00000| Untracked 
|  87|0x000000070c000000, 0x000000070c000000, 0x000000070c200000|  0%| F|  |TAMS 0x000000070c000000, 0x000000070c000000| Untracked 
|  88|0x000000070c200000, 0x000000070c200000, 0x000000070c400000|  0%| F|  |TAMS 0x000000070c200000, 0x000000070c200000| Untracked 
|  89|0x000000070c400000, 0x000000070c400000, 0x000000070c600000|  0%| F|  |TAMS 0x000000070c400000, 0x000000070c400000| Untracked 
|  90|0x000000070c600000, 0x000000070c600000, 0x000000070c800000|  0%| F|  |TAMS 0x000000070c600000, 0x000000070c600000| Untracked 
|  91|0x000000070c800000, 0x000000070c800000, 0x000000070ca00000|  0%| F|  |TAMS 0x000000070c800000, 0x000000070c800000| Untracked 
|  92|0x000000070ca00000, 0x000000070ca00000, 0x000000070cc00000|  0%| F|  |TAMS 0x000000070ca00000, 0x000000070ca00000| Untracked 
|  93|0x000000070cc00000, 0x000000070cc00000, 0x000000070ce00000|  0%| F|  |TAMS 0x000000070cc00000, 0x000000070cc00000| Untracked 
|  94|0x000000070ce00000, 0x000000070ce00000, 0x000000070d000000|  0%| F|  |TAMS 0x000000070ce00000, 0x000000070ce00000| Untracked 
|  95|0x000000070d000000, 0x000000070d000000, 0x000000070d200000|  0%| F|  |TAMS 0x000000070d000000, 0x000000070d000000| Untracked 
|  96|0x000000070d200000, 0x000000070d200000, 0x000000070d400000|  0%| F|  |TAMS 0x000000070d200000, 0x000000070d200000| Untracked 
|  97|0x000000070d400000, 0x000000070d400000, 0x000000070d600000|  0%| F|  |TAMS 0x000000070d400000, 0x000000070d400000| Untracked 
|  98|0x000000070d600000, 0x000000070d600000, 0x000000070d800000|  0%| F|  |TAMS 0x000000070d600000, 0x000000070d600000| Untracked 
|  99|0x000000070d800000, 0x000000070d800000, 0x000000070da00000|  0%| F|  |TAMS 0x000000070d800000, 0x000000070d800000| Untracked 
| 100|0x000000070da00000, 0x000000070da00000, 0x000000070dc00000|  0%| F|  |TAMS 0x000000070da00000, 0x000000070da00000| Untracked 
| 101|0x000000070dc00000, 0x000000070dc00000, 0x000000070de00000|  0%| F|  |TAMS 0x000000070dc00000, 0x000000070dc00000| Untracked 
| 102|0x000000070de00000, 0x000000070de00000, 0x000000070e000000|  0%| F|  |TAMS 0x000000070de00000, 0x000000070de00000| Untracked 
| 103|0x000000070e000000, 0x000000070e000000, 0x000000070e200000|  0%| F|  |TAMS 0x000000070e000000, 0x000000070e000000| Untracked 
| 104|0x000000070e200000, 0x000000070e200000, 0x000000070e400000|  0%| F|  |TAMS 0x000000070e200000, 0x000000070e200000| Untracked 
| 105|0x000000070e400000, 0x000000070e400000, 0x000000070e600000|  0%| F|  |TAMS 0x000000070e400000, 0x000000070e400000| Untracked 
| 106|0x000000070e600000, 0x000000070e600000, 0x000000070e800000|  0%| F|  |TAMS 0x000000070e600000, 0x000000070e600000| Untracked 
| 107|0x000000070e800000, 0x000000070e800000, 0x000000070ea00000|  0%| F|  |TAMS 0x000000070e800000, 0x000000070e800000| Untracked 
| 108|0x000000070ea00000, 0x000000070ea00000, 0x000000070ec00000|  0%| F|  |TAMS 0x000000070ea00000, 0x000000070ea00000| Untracked 
| 109|0x000000070ec00000, 0x000000070ec00000, 0x000000070ee00000|  0%| F|  |TAMS 0x000000070ec00000, 0x000000070ec00000| Untracked 
| 110|0x000000070ee00000, 0x000000070ee00000, 0x000000070f000000|  0%| F|  |TAMS 0x000000070ee00000, 0x000000070ee00000| Untracked 
| 111|0x000000070f000000, 0x000000070f000000, 0x000000070f200000|  0%| F|  |TAMS 0x000000070f000000, 0x000000070f000000| Untracked 
| 112|0x000000070f200000, 0x000000070f200000, 0x000000070f400000|  0%| F|  |TAMS 0x000000070f200000, 0x000000070f200000| Untracked 
| 113|0x000000070f400000, 0x000000070f400000, 0x000000070f600000|  0%| F|  |TAMS 0x000000070f400000, 0x000000070f400000| Untracked 
| 114|0x000000070f600000, 0x000000070f600000, 0x000000070f800000|  0%| F|  |TAMS 0x000000070f600000, 0x000000070f600000| Untracked 
| 115|0x000000070f800000, 0x000000070f800000, 0x000000070fa00000|  0%| F|  |TAMS 0x000000070f800000, 0x000000070f800000| Untracked 
| 116|0x000000070fa00000, 0x000000070fa00000, 0x000000070fc00000|  0%| F|  |TAMS 0x000000070fa00000, 0x000000070fa00000| Untracked 
| 117|0x000000070fc00000, 0x000000070fc00000, 0x000000070fe00000|  0%| F|  |TAMS 0x000000070fc00000, 0x000000070fc00000| Untracked 
| 118|0x000000070fe00000, 0x000000070fe00000, 0x0000000710000000|  0%| F|  |TAMS 0x000000070fe00000, 0x000000070fe00000| Untracked 
| 119|0x0000000710000000, 0x0000000710000000, 0x0000000710200000|  0%| F|  |TAMS 0x0000000710000000, 0x0000000710000000| Untracked 
| 120|0x0000000710200000, 0x000000071037b4a8, 0x0000000710400000| 74%| E|  |TAMS 0x0000000710200000, 0x0000000710200000| Complete 
| 121|0x0000000710400000, 0x00000007105d88a8, 0x0000000710600000| 92%| S|CS|TAMS 0x0000000710400000, 0x0000000710400000| Complete 
| 122|0x0000000710600000, 0x0000000710800000, 0x0000000710800000|100%| E|CS|TAMS 0x0000000710600000, 0x0000000710600000| Complete 
| 123|0x0000000710800000, 0x0000000710a00000, 0x0000000710a00000|100%| E|CS|TAMS 0x0000000710800000, 0x0000000710800000| Complete 
| 124|0x0000000710a00000, 0x0000000710c00000, 0x0000000710c00000|100%| E|CS|TAMS 0x0000000710a00000, 0x0000000710a00000| Complete 
| 125|0x0000000710c00000, 0x0000000710e00000, 0x0000000710e00000|100%| E|CS|TAMS 0x0000000710c00000, 0x0000000710c00000| Complete 
| 126|0x0000000710e00000, 0x0000000711000000, 0x0000000711000000|100%| E|CS|TAMS 0x0000000710e00000, 0x0000000710e00000| Complete 
| 127|0x0000000711000000, 0x0000000711200000, 0x0000000711200000|100%| E|CS|TAMS 0x0000000711000000, 0x0000000711000000| Complete 

Card table byte_map: [0x00000291aaf50000,0x00000291ab750000] _byte_map_base: 0x00000291a7747000

Marking Bits (Prev, Next): (CMBitMap*) 0x000002919401c690, (CMBitMap*) 0x000002919401c6d0
 Prev Bits: [0x00000291abf50000, 0x00000291aff08000)
 Next Bits: [0x00000291aff10000, 0x00000291b3ec8000)

Polling page: 0x0000029191e10000

Metaspace:

Usage:
  Non-class:      7.10 MB used.
      Class:    786.29 KB used.
       Both:      7.87 MB used.

Virtual space:
  Non-class space:        8.00 MB reserved,       7.19 MB ( 90%) committed,  1 nodes.
      Class space:        1.00 GB reserved,     896.00 KB ( <1%) committed,  1 nodes.
              Both:        1.01 GB reserved,       8.06 MB ( <1%) committed. 

Chunk freelists:
   Non-Class:  784.00 KB
       Class:  3.08 MB
        Both:  3.84 MB

MaxMetaspaceSize: 17179869184.00 GB
CompressedClassSpaceSize: 1.00 GB
 - commit_granule_bytes: 65536.
 - commit_granule_words: 8192.
 - virtual_space_node_default_size: 1048576.
 - enlarge_chunks_in_place: 1.
 - new_chunks_are_fully_committed: 0.
 - uncommit_free_chunks: 1.
 - use_allocation_guard: 0.
 - handle_deallocations: 1.


Internal statistics:

num_allocs_failed_limit: 0.
num_arena_births: 128.
num_arena_deaths: 0.
num_vsnodes_births: 2.
num_vsnodes_deaths: 0.
num_space_committed: 129.
num_space_uncommitted: 0.
num_chunks_returned_to_freelist: 0.
num_chunks_taken_from_freelist: 203.
num_chunk_merges: 0.
num_chunk_splits: 126.
num_chunks_enlarged: 66.
num_purges: 0.

CodeHeap 'non-profiled nmethods': size=120000Kb used=848Kb max_used=848Kb free=119151Kb
 bounds [0x00000291a3220000, 0x00000291a3490000, 0x00000291aa750000]
CodeHeap 'profiled nmethods': size=120000Kb used=2990Kb max_used=2990Kb free=117009Kb
 bounds [0x000002919bcf0000, 0x000002919bfe0000, 0x00000291a3220000]
CodeHeap 'non-nmethods': size=5760Kb used=1335Kb max_used=1403Kb free=4424Kb
 bounds [0x000002919b750000, 0x000002919b9c0000, 0x000002919bcf0000]
 total_blobs=2364 nmethods=1781 adapters=496
 compilation: enabled
              stopped_count=0, restarted_count=0
 full_count=0

Compilation events (20 events):
Event: 358.230 Thread 0x00000291b63ab790 1772       4       java.awt.EventQueue::dispatchEvent (80 bytes)
Event: 358.358 Thread 0x00000291b63ab790 nmethod 1772 0x00000291a32dfb90 code [0x00000291a32e0060, 0x00000291a32e7350]
Event: 358.359 Thread 0x00000291b63ab790 1773       4       java.awt.EventQueue::getAccessControlContextFrom (53 bytes)
Event: 358.359 Thread 0x00000291b63ab790 nmethod 1773 0x00000291a32ec190 code [0x00000291a32ec320, 0x00000291a32ec418]
Event: 358.394 Thread 0x00000291b6d38100 1774       3       colors.BaseColor::asLAB (26 bytes)
Event: 358.394 Thread 0x00000291b6d38100 nmethod 1774 0x000002919bfd7210 code [0x000002919bfd73e0, 0x000002919bfd7838]
Event: 358.394 Thread 0x00000291b6d38100 1775       3       colors.ColorSpaces::XYZtoLAB (147 bytes)
Event: 358.395 Thread 0x00000291b6d38100 nmethod 1775 0x000002919bfd7910 code [0x000002919bfd7c00, 0x000002919bfd8398]
Event: 358.733 Thread 0x00000291b63ab790 1776   !   4       java.awt.EventDispatchThread::pumpOneEventForFilters (113 bytes)
Event: 358.793 Thread 0x00000291b63ab790 nmethod 1776 0x00000291a32ec510 code [0x00000291a32ec940, 0x00000291a32f1148]
Event: 358.793 Thread 0x00000291b63ab790 1777   !   4       java.awt.EventDispatchThread::filterAndCheckEvent (108 bytes)
Event: 358.797 Thread 0x00000291b63ab790 nmethod 1777 0x00000291a32f3890 code [0x00000291a32f3a40, 0x00000291a32f3fb8]
Event: 358.915 Thread 0x00000291b6d38100 1778       3       colors.BaseColor::distTo (65 bytes)
Event: 358.915 Thread 0x00000291b6d38100 nmethod 1778 0x000002919bfd8690 code [0x000002919bfd8820, 0x000002919bfd8998]
Event: 359.027 Thread 0x00000291b6d38100 1779       3       java.awt.Component::processEvent (220 bytes)
Event: 359.027 Thread 0x00000291b6d38100 nmethod 1779 0x000002919bfd8a90 code [0x000002919bfd8da0, 0x000002919bfdaba8]
Event: 362.348 Thread 0x00000291b6d38100 1780       3       sun.util.locale.LocaleUtils::isAlpha (30 bytes)
Event: 362.348 Thread 0x00000291b6d38100 nmethod 1780 0x000002919bfdaf10 code [0x000002919bfdb0c0, 0x000002919bfdb2b8]
Event: 362.657 Thread 0x00000291b6d38100 1781       3       java.awt.Component$1::getAccessControlContext (5 bytes)
Event: 362.657 Thread 0x00000291b6d38100 nmethod 1781 0x000002919bfdb390 code [0x000002919bfdb560, 0x000002919bfdb7a8]

GC Heap History (2 events):
Event: 0.440 GC heap before
{Heap before GC invocations=0 (full 0):
 garbage-first heap   total 262144K, used 12288K [0x0000000701200000, 0x0000000800000000)
  region size 2048K, 6 young (12288K), 0 survivors (0K)
 Metaspace       used 6931K, committed 7104K, reserved 1056768K
  class space    used 735K, committed 832K, reserved 1048576K
}
Event: 0.443 GC heap after
{Heap after GC invocations=1 (full 0):
 garbage-first heap   total 262144K, used 1890K [0x0000000701200000, 0x0000000800000000)
  region size 2048K, 1 young (2048K), 1 survivors (2048K)
 Metaspace       used 6931K, committed 7104K, reserved 1056768K
  class space    used 735K, committed 832K, reserved 1048576K
}

Deoptimization events (20 events):
Event: 4.481 Thread 0x00000291b78bbbd0 DEOPT PACKING pc=0x00000291a324f44c sp=0x000000afee1fe2d0
Event: 4.481 Thread 0x00000291b78bbbd0 DEOPT UNPACKING pc=0x000002919b79d72e sp=0x000000afee1fe268 mode 2
Event: 4.481 Thread 0x00000291b78bbbd0 Uncommon trap: trap_request=0xffffffde fr.pc=0x00000291a324f44c relative=0x000000000000058c
Event: 4.481 Thread 0x00000291b78bbbd0 Uncommon trap: reason=class_check action=maybe_recompile pc=0x00000291a324f44c method=java.util.HashMap.getNode(Ljava/lang/Object;)Ljava/util/HashMap$Node; @ 128 c2
Event: 4.481 Thread 0x00000291b78bbbd0 DEOPT PACKING pc=0x00000291a324f44c sp=0x000000afee1fe320
Event: 4.481 Thread 0x00000291b78bbbd0 DEOPT UNPACKING pc=0x000002919b79d72e sp=0x000000afee1fe2b8 mode 2
Event: 38.061 Thread 0x00000291b78bbbd0 Uncommon trap: trap_request=0xffffff45 fr.pc=0x00000291a328a334 relative=0x0000000000003ef4
Event: 38.061 Thread 0x00000291b78bbbd0 Uncommon trap: reason=unstable_if action=reinterpret pc=0x00000291a328a334 method=java.awt.EventQueue.getPriority(Ljava/awt/AWTEvent;)I @ 71 c2
Event: 38.061 Thread 0x00000291b78bbbd0 DEOPT PACKING pc=0x00000291a328a334 sp=0x000000afee1fe8b0
Event: 38.061 Thread 0x00000291b78bbbd0 DEOPT UNPACKING pc=0x000002919b79d72e sp=0x000000afee1fe7b0 mode 2
Event: 46.591 Thread 0x00000291b78bbbd0 Uncommon trap: trap_request=0xffffff45 fr.pc=0x00000291a3274690 relative=0x00000000000001f0
Event: 46.591 Thread 0x00000291b78bbbd0 Uncommon trap: reason=unstable_if action=reinterpret pc=0x00000291a3274690 method=java.util.concurrent.locks.AbstractQueuedSynchronizer.signalNext(Ljava/util/concurrent/locks/AbstractQueuedSynchronizer$Node;)V @ 17 c2
Event: 46.591 Thread 0x00000291b78bbbd0 DEOPT PACKING pc=0x00000291a3274690 sp=0x000000afee1feff0
Event: 46.591 Thread 0x00000291b78bbbd0 DEOPT UNPACKING pc=0x000002919b79d72e sp=0x000000afee1feee8 mode 2
Event: 46.665 Thread 0x00000291b78bbbd0 Uncommon trap: trap_request=0xffffff45 fr.pc=0x00000291a3272e40 relative=0x00000000000000a0
Event: 46.665 Thread 0x00000291b78bbbd0 Uncommon trap: reason=unstable_if action=reinterpret pc=0x00000291a3272e40 method=java.util.concurrent.locks.AbstractQueuedSynchronizer.signalNext(Ljava/util/concurrent/locks/AbstractQueuedSynchronizer$Node;)V @ 17 c2
Event: 46.665 Thread 0x00000291b78bbbd0 DEOPT PACKING pc=0x00000291a3272e40 sp=0x000000afee1fefb0
Event: 46.665 Thread 0x00000291b78bbbd0 DEOPT UNPACKING pc=0x000002919b79d72e sp=0x000000afee1fef50 mode 2
Event: 299.722 Thread 0x00000291b78bbbd0 DEOPT PACKING pc=0x000002919bf36d14 sp=0x000000afee1fdc30
Event: 299.722 Thread 0x00000291b78bbbd0 DEOPT UNPACKING pc=0x000002919b79dece sp=0x000000afee1fd2b0 mode 0

Classes unloaded (0 events):
No events

Classes redefined (16 events):
Event: 149.317 Thread 0x00000291b63959e0 redefined class name=colors.test.Palette, count=1
Event: 297.393 Thread 0x00000291b63959e0 redefined class name=colors.test.Palette, count=2
Event: 349.671 Thread 0x00000291b63959e0 redefined class name=colors.test.PaletteColor, count=1
Event: 349.671 Thread 0x00000291b63959e0 redefined class name=colors.HSLColor, count=1
Event: 349.671 Thread 0x00000291b63959e0 redefined class name=colors.test.Palette, count=3
Event: 349.671 Thread 0x00000291b63959e0 redefined class name=colors.test.MthUtils, count=1
Event: 349.671 Thread 0x00000291b63959e0 redefined class name=colors.HSVColor, count=1
Event: 349.671 Thread 0x00000291b63959e0 redefined class name=Main, count=1
Event: 349.671 Thread 0x00000291b63959e0 redefined class name=colors.BaseColor, count=1
Event: 349.671 Thread 0x00000291b63959e0 redefined class name=colors.test.PolarColor, count=2
Event: 349.671 Thread 0x00000291b63959e0 redefined class name=colors.HCLColor, count=3
Event: 349.671 Thread 0x00000291b63959e0 redefined class name=colors.ColorSpaces, count=1
Event: 349.671 Thread 0x00000291b63959e0 redefined class name=colors.LABColor, count=2
Event: 349.671 Thread 0x00000291b63959e0 redefined class name=colors.XYZColor, count=2
Event: 349.671 Thread 0x00000291b63959e0 redefined class name=colors.RGBColor, count=2
Event: 349.671 Thread 0x00000291b63959e0 redefined class name=colors.LUVColor, count=2

Internal exceptions (13 events):
Event: 0.121 Thread 0x0000029193fcb650 Exception <a 'java/lang/NoSuchMethodError'{0x0000000710eeb098}: 'void java.lang.invoke.DirectMethodHandle$Holder.invokeSpecial(java.lang.Object, java.lang.Object, java.lang.Object)'> (0x0000000710eeb098) 
thrown [t:\workspace\open\src\hotspot\share\interpreter\linkResolver.cpp, line 790]
Event: 0.130 Thread 0x0000029193fcb650 Exception <a 'java/lang/ClassNotFoundException'{0x0000000710f5aad0}: sun/awt/resources/spi/awtProvider> (0x0000000710f5aad0) 
thrown [t:\workspace\open\src\hotspot\share\classfile\systemDictionary.cpp, line 256]
Event: 0.148 Thread 0x0000029193fcb650 Exception <a 'java/io/FileNotFoundException'{0x0000000710fd94d8}> (0x0000000710fd94d8) 
thrown [t:\workspace\open\src\hotspot\share\prims\jni.cpp, line 579]
Event: 0.153 Thread 0x0000029193fcb650 Exception <a 'java/io/FileNotFoundException'{0x0000000710c0a918}> (0x0000000710c0a918) 
thrown [t:\workspace\open\src\hotspot\share\prims\jni.cpp, line 579]
Event: 0.154 Thread 0x0000029193fcb650 Exception <a 'java/lang/NoSuchMethodError'{0x0000000710c0d3f0}: 'java.lang.Object java.lang.invoke.DirectMethodHandle$Holder.invokeStatic(java.lang.Object)'> (0x0000000710c0d3f0) 
thrown [t:\workspace\open\src\hotspot\share\interpreter\linkResolver.cpp, line 790]
Event: 0.195 Thread 0x0000029193fcb650 Exception <a 'java/lang/NoSuchMethodError'{0x0000000710d751b0}: 'java.lang.Object java.lang.invoke.DirectMethodHandle$Holder.invokeStaticInit(java.lang.Object)'> (0x0000000710d751b0) 
thrown [t:\workspace\open\src\hotspot\share\interpreter\linkResolver.cpp, line 790]
Event: 0.273 Thread 0x0000029193fcb650 Exception <a 'java/lang/NoSuchMethodError'{0x0000000710abc968}: 'java.lang.Object java.lang.invoke.DirectMethodHandle$Holder.newInvokeSpecial(java.lang.Object, java.lang.Object, java.lang.Object, java.lang.Object, java.lang.Object)'> (0x0000000710abc968) 
thrown [t:\workspace\open\src\hotspot\share\interpreter\linkResolver.cpp, line 790]
Event: 0.275 Thread 0x0000029193fcb650 Exception <a 'java/lang/NoSuchMethodError'{0x0000000710ac8450}: 'java.lang.Object java.lang.invoke.DirectMethodHandle$Holder.invokeStatic(java.lang.Object, int, java.lang.Object, java.lang.Object, java.lang.Object, java.lang.Object)'> (0x0000000710ac8450) 
thrown [t:\workspace\open\src\hotspot\share\interpreter\linkResolver.cpp, line 790]
Event: 0.278 Thread 0x0000029193fcb650 Exception <a 'java/lang/NoSuchMethodError'{0x0000000710aeef00}: 'java.lang.Object java.lang.invoke.DirectMethodHandle$Holder.invokeStatic(java.lang.Object, int, java.lang.Object)'> (0x0000000710aeef00) 
thrown [t:\workspace\open\src\hotspot\share\interpreter\linkResolver.cpp, line 790]
Event: 0.305 Thread 0x0000029193fcb650 Exception <a 'java/lang/ClassNotFoundException'{0x0000000710bb66f0}: com/sun/swing/internal/plaf/metal/resources/spi/metalProvider> (0x0000000710bb66f0) 
thrown [t:\workspace\open\src\hotspot\share\classfile\systemDictionary.cpp, line 256]
Event: 0.306 Thread 0x0000029193fcb650 Exception <a 'java/lang/ClassNotFoundException'{0x0000000710bbd300}: com/sun/swing/internal/plaf/basic/resources/spi/basicProvider> (0x0000000710bbd300) 
thrown [t:\workspace\open\src\hotspot\share\classfile\systemDictionary.cpp, line 256]
Event: 0.320 Thread 0x00000291b70e93e0 Exception <a 'java/lang/NoSuchMethodError'{0x0000000710da7f50}: 'void java.lang.invoke.DirectMethodHandle$Holder.invokeVirtual(java.lang.Object, java.lang.Object)'> (0x0000000710da7f50) 
thrown [t:\workspace\open\src\hotspot\share\interpreter\linkResolver.cpp, line 790]
Event: 0.353 Thread 0x0000029193fcb650 Exception <a 'java/lang/NoSuchMethodError'{0x0000000710983a18}: 'void java.lang.invoke.DirectMethodHandle$Holder.invokeStaticInit(java.lang.Object)'> (0x0000000710983a18) 
thrown [t:\workspace\open\src\hotspot\share\interpreter\linkResolver.cpp, line 790]

Events (20 events):
Event: 349.676 Executing  VM operation: ChangeBreakpoints done
Event: 350.680 Executing  VM operation: Cleanup
Event: 350.680 Executing  VM operation: Cleanup done
Event: 351.868 loading class java/security/DomainCombiner
Event: 351.868 loading class java/security/DomainCombiner done
Event: 352.693 Executing  VM operation: Cleanup
Event: 352.693 Executing  VM operation: Cleanup done
Event: 353.694 Executing  VM operation: Cleanup
Event: 353.694 Executing  VM operation: Cleanup done
Event: 356.300 Executing  VM operation: ChangeBreakpoints
Event: 356.300 Executing  VM operation: ChangeBreakpoints done
Event: 358.309 Executing  VM operation: Cleanup
Event: 358.309 Executing  VM operation: Cleanup done
Event: 359.315 Executing  VM operation: Cleanup
Event: 359.315 Executing  VM operation: Cleanup done
Event: 361.504 Executing  VM operation: ChangeBreakpoints
Event: 361.504 Executing  VM operation: ChangeBreakpoints done
Event: 362.657 Executing  VM operation: ThreadsSuspendJVMTI
Event: 362.657 Executing  VM operation: ThreadsSuspendJVMTI done
Event: 362.659 Executing  VM operation: get/set locals


Dynamic libraries:
0x00007ff6761d0000 - 0x00007ff6761e0000 	C:\Program Files\Java\jdk-16.0.1\bin\java.exe
0x00007ffd853b0000 - 0x00007ffd855a5000 	C:\WINDOWS\SYSTEM32\ntdll.dll
0x00007ffd84ea0000 - 0x00007ffd84f5e000 	C:\WINDOWS\System32\KERNEL32.DLL
0x00007ffd83060000 - 0x00007ffd83328000 	C:\WINDOWS\System32\KERNELBASE.dll
0x00007ffd82db0000 - 0x00007ffd82eb0000 	C:\WINDOWS\System32\ucrtbase.dll
0x00007ffd7e870000 - 0x00007ffd7e888000 	C:\Program Files\Java\jdk-16.0.1\bin\jli.dll
0x00007ffd847c0000 - 0x00007ffd8486e000 	C:\WINDOWS\System32\ADVAPI32.dll
0x00007ffd85080000 - 0x00007ffd8511e000 	C:\WINDOWS\System32\msvcrt.dll
0x00007ffd84fe0000 - 0x00007ffd8507c000 	C:\WINDOWS\System32\sechost.dll
0x00007ffd83e60000 - 0x00007ffd83f85000 	C:\WINDOWS\System32\RPCRT4.dll
0x00007ffd85150000 - 0x00007ffd852f0000 	C:\WINDOWS\System32\USER32.dll
0x00007ffd83330000 - 0x00007ffd83352000 	C:\WINDOWS\System32\win32u.dll
0x00007ffd85120000 - 0x00007ffd8514a000 	C:\WINDOWS\System32\GDI32.dll
0x00007ffd82ad0000 - 0x00007ffd82bdb000 	C:\WINDOWS\System32\gdi32full.dll
0x00007ffd82eb0000 - 0x00007ffd82f4d000 	C:\WINDOWS\System32\msvcp_win.dll
0x00007ffd7e890000 - 0x00007ffd7e8a9000 	C:\Program Files\Java\jdk-16.0.1\bin\VCRUNTIME140.dll
0x00007ffd70590000 - 0x00007ffd7082a000 	C:\WINDOWS\WinSxS\amd64_microsoft.windows.common-controls_6595b64144ccf1df_6.0.19041.1110_none_60b5254171f9507e\COMCTL32.dll
0x00007ffd81940000 - 0x00007ffd8194a000 	C:\WINDOWS\SYSTEM32\VERSION.dll
0x00007ffd84c60000 - 0x00007ffd84c90000 	C:\WINDOWS\System32\IMM32.DLL
0x00007ffd7e860000 - 0x00007ffd7e86c000 	C:\Program Files\Java\jdk-16.0.1\bin\vcruntime140_1.dll
0x00007ffd7e7c0000 - 0x00007ffd7e851000 	C:\Program Files\Java\jdk-16.0.1\bin\msvcp140.dll
0x00007ffd2eeb0000 - 0x00007ffd2fa5b000 	C:\Program Files\Java\jdk-16.0.1\bin\server\jvm.dll
0x00007ffd84fd0000 - 0x00007ffd84fd8000 	C:\WINDOWS\System32\PSAPI.DLL
0x00007ffd43d10000 - 0x00007ffd43d19000 	C:\WINDOWS\SYSTEM32\WSOCK32.dll
0x00007ffd79d10000 - 0x00007ffd79d37000 	C:\WINDOWS\SYSTEM32\WINMM.dll
0x00007ffd84f60000 - 0x00007ffd84fcb000 	C:\WINDOWS\System32\WS2_32.dll
0x00007ffd81900000 - 0x00007ffd81912000 	C:\WINDOWS\SYSTEM32\kernel.appcore.dll
0x00007ffd7e7a0000 - 0x00007ffd7e7aa000 	C:\Program Files\Java\jdk-16.0.1\bin\jimage.dll
0x00007ffd7cdd0000 - 0x00007ffd7cfb4000 	C:\WINDOWS\SYSTEM32\DBGHELP.DLL
0x00007ffd6e4e0000 - 0x00007ffd6e50c000 	C:\WINDOWS\SYSTEM32\dbgcore.DLL
0x00007ffd82fd0000 - 0x00007ffd83052000 	C:\WINDOWS\System32\bcryptPrimitives.dll
0x00007ffd7ad30000 - 0x00007ffd7ad6b000 	C:\Program Files\Java\jdk-16.0.1\bin\jdwp.dll
0x00007ffd7e2a0000 - 0x00007ffd7e2ae000 	C:\Program Files\Java\jdk-16.0.1\bin\instrument.dll
0x00007ffd7e770000 - 0x00007ffd7e795000 	C:\Program Files\Java\jdk-16.0.1\bin\java.dll
0x00007ffd84070000 - 0x00007ffd847b4000 	C:\WINDOWS\System32\SHELL32.dll
0x00007ffd81160000 - 0x00007ffd818f4000 	C:\WINDOWS\SYSTEM32\windows.storage.dll
0x00007ffd83430000 - 0x00007ffd83784000 	C:\WINDOWS\System32\combase.dll
0x00007ffd82540000 - 0x00007ffd8256c000 	C:\WINDOWS\SYSTEM32\Wldp.dll
0x00007ffd84a90000 - 0x00007ffd84b3d000 	C:\WINDOWS\System32\SHCORE.dll
0x00007ffd83850000 - 0x00007ffd838a5000 	C:\WINDOWS\System32\shlwapi.dll
0x00007ffd82a10000 - 0x00007ffd82a2f000 	C:\WINDOWS\SYSTEM32\profapi.dll
0x00007ffd7e290000 - 0x00007ffd7e29c000 	C:\Program Files\Java\jdk-16.0.1\bin\dt_socket.dll
0x00007ffd81f40000 - 0x00007ffd81f7b000 	C:\WINDOWS\SYSTEM32\IPHLPAPI.DLL
0x00007ffd822a0000 - 0x00007ffd8230a000 	C:\WINDOWS\system32\mswsock.dll
0x00007ffd7ad10000 - 0x00007ffd7ad28000 	C:\Program Files\Java\jdk-16.0.1\bin\zip.dll
0x00007ffd744c0000 - 0x00007ffd744d9000 	C:\Program Files\Java\jdk-16.0.1\bin\net.dll
0x00007ffd7a370000 - 0x00007ffd7a47a000 	C:\WINDOWS\SYSTEM32\WINHTTP.dll
0x00007ffd735d0000 - 0x00007ffd735e3000 	C:\Program Files\Java\jdk-16.0.1\bin\nio.dll
0x00007ffd7e280000 - 0x00007ffd7e290000 	C:\Program Files\Java\jdk-16.0.1\bin\verify.dll
0x00007ffd65e80000 - 0x00007ffd66000000 	C:\Program Files\Java\jdk-16.0.1\bin\awt.dll
0x00007ffd848d0000 - 0x00007ffd8499d000 	C:\WINDOWS\System32\OLEAUT32.dll
0x00007ffd801a0000 - 0x00007ffd80230000 	C:\WINDOWS\SYSTEM32\apphelp.dll
0x00007ffd80680000 - 0x00007ffd806af000 	C:\WINDOWS\system32\DWMAPI.DLL
0x00007ffd802e0000 - 0x00007ffd8037e000 	C:\WINDOWS\system32\uxtheme.dll
0x00007ffd5d250000 - 0x00007ffd5d376000 	C:\WINDOWS\system32\opengl32.dll
0x00007ffd735f0000 - 0x00007ffd7361c000 	C:\WINDOWS\SYSTEM32\GLU32.dll
0x00007ffd84b40000 - 0x00007ffd84c55000 	C:\WINDOWS\System32\MSCTF.dll
0x00007ffd83d30000 - 0x00007ffd83e5a000 	C:\WINDOWS\System32\ole32.dll
0x00007ffd72ec0000 - 0x00007ffd7308f000 	C:\WINDOWS\system32\d3d9.dll
0x00007ffd79db0000 - 0x00007ffd79f68000 	C:\WINDOWS\System32\DriverStore\FileRepository\u0371621.inf_amd64_f6054ee530919325\B371622\aticfx64.dll
0x00007ffd5c8f0000 - 0x00007ffd5c924000 	C:\WINDOWS\System32\DriverStore\FileRepository\u0371621.inf_amd64_f6054ee530919325\B371622\atiu9p64.dll
0x00007ffd58160000 - 0x00007ffd58eb4000 	C:\WINDOWS\System32\DriverStore\FileRepository\u0371621.inf_amd64_f6054ee530919325\B371622\atiumd64.dll
0x000000006c450000 - 0x000000006d2c5000 	C:\WINDOWS\System32\DriverStore\FileRepository\u0371621.inf_amd64_f6054ee530919325\B371622\atiumd6a.dll
0x00007ffd838b0000 - 0x00007ffd83d1a000 	C:\WINDOWS\System32\SETUPAPI.dll
0x00007ffd82f50000 - 0x00007ffd82f9e000 	C:\WINDOWS\System32\cfgmgr32.dll
0x00007ffd820b0000 - 0x00007ffd820fb000 	C:\WINDOWS\SYSTEM32\POWRPROF.dll
0x00007ffd82fa0000 - 0x00007ffd82fc7000 	C:\WINDOWS\System32\bcrypt.dll
0x00007ffd81f20000 - 0x00007ffd81f32000 	C:\WINDOWS\SYSTEM32\UMPDC.dll
0x00007ffd76010000 - 0x00007ffd76040000 	C:\WINDOWS\SYSTEM32\amdihk64.dll
0x00007ffd7a310000 - 0x00007ffd7a34b000 	C:\WINDOWS\SYSTEM32\dxcore.dll
0x00007ffd6e640000 - 0x00007ffd6e6c9000 	C:\Program Files\Java\jdk-16.0.1\bin\freetype.dll
0x00007ffd68470000 - 0x00007ffd68566000 	C:\Program Files\Java\jdk-16.0.1\bin\harfbuzz.dll
0x00007ffd6e620000 - 0x00007ffd6e632000 	C:\Program Files\Java\jdk-16.0.1\bin\fontmanager.dll
0x00007ffd778b0000 - 0x00007ffd779a9000 	C:\WINDOWS\SYSTEM32\textinputframework.dll
0x00007ffd7f890000 - 0x00007ffd7fbee000 	C:\WINDOWS\System32\CoreUIComponents.dll
0x00007ffd7ff70000 - 0x00007ffd80062000 	C:\WINDOWS\System32\CoreMessaging.dll
0x00007ffd80e70000 - 0x00007ffd80ea3000 	C:\WINDOWS\SYSTEM32\ntmarta.dll
0x00007ffd7e8b0000 - 0x00007ffd7ea04000 	C:\WINDOWS\SYSTEM32\wintypes.dll

dbghelp: loaded successfully - version: 4.0.5 - missing functions: none
symbol engine: initialized successfully - sym options: 0x614 - pdb path: .;C:\Program Files\Java\jdk-16.0.1\bin;C:\WINDOWS\SYSTEM32;C:\WINDOWS\WinSxS\amd64_microsoft.windows.common-controls_6595b64144ccf1df_6.0.19041.1110_none_60b5254171f9507e;C:\Program Files\Java\jdk-16.0.1\bin\server;C:\WINDOWS\System32\DriverStore\FileRepository\u0371621.inf_amd64_f6054ee530919325\B371622

VM Arguments:
jvm_args: -agentlib:jdwp=transport=dt_socket,address=127.0.0.1:57254,suspend=y,server=n -javaagent:C:\Users\UNKNOWN\AppData\Local\JetBrains\IdeaIC2021.2\captureAgent\debugger-agent.jar -Dfile.encoding=UTF-8 
java_command: Main
java_class_path (initial): C:\Users\UNKNOWN\IdeaProjects\MinecraftModding\ColorTest\out\production\WorldMap;E:\Storage10\Programs10\IntelliJ IDEA Community Edition 2021.2.2\lib\idea_rt.jar
Launcher Type: SUN_STANDARD

[Global flags]
     intx CICompilerCount                          = 3                                         {product} {ergonomic}
     uint ConcGCThreads                            = 1                                         {product} {ergonomic}
     uint G1ConcRefinementThreads                  = 4                                         {product} {ergonomic}
   size_t G1HeapRegionSize                         = 2097152                                   {product} {ergonomic}
    uintx GCDrainStackTargetSize                   = 64                                        {product} {ergonomic}
   size_t InitialHeapSize                          = 268435456                                 {product} {ergonomic}
   size_t MarkStackSize                            = 4194304                                   {product} {ergonomic}
   size_t MaxHeapSize                              = 4276092928                                {product} {ergonomic}
   size_t MaxNewSize                               = 2564816896                                {product} {ergonomic}
   size_t MinHeapDeltaBytes                        = 2097152                                   {product} {ergonomic}
   size_t MinHeapSize                              = 8388608                                   {product} {ergonomic}
    uintx NonNMethodCodeHeapSize                   = 5832780                                {pd product} {ergonomic}
    uintx NonProfiledCodeHeapSize                  = 122912730                              {pd product} {ergonomic}
    uintx ProfiledCodeHeapSize                     = 122912730                              {pd product} {ergonomic}
    uintx ReservedCodeCacheSize                    = 251658240                              {pd product} {ergonomic}
     bool SegmentedCodeCache                       = true                                      {product} {ergonomic}
   size_t SoftMaxHeapSize                          = 4276092928                             {manageable} {ergonomic}
     bool UseCompressedClassPointers               = true                           {product lp64_product} {ergonomic}
     bool UseCompressedOops                        = true                           {product lp64_product} {ergonomic}
     bool UseG1GC                                  = true                                      {product} {ergonomic}
     bool UseLargePagesIndividualAllocation        = false                                  {pd product} {ergonomic}

Logging:
Log output configuration:
 #0: stdout all=warning uptime,level,tags
 #1: stderr all=off uptime,level,tags

Environment Variables:
JAVA_HOME=C:\Program Files\Java\jdk-16.0.1
PATH=C:\Program Files\Common Files\Oracle\Java\javapath;C:\Program Files (x86)\NVIDIA Corporation\PhysX\Common;C:\Program Files (x86)\Common Files\Oracle\Java\javapath;C:\WINDOWS\system32;C:\WINDOWS;C:\WINDOWS\System32\Wbem;C:\WINDOWS\System32\WindowsPowerShell\v1.0\;C:\WINDOWS\System32\OpenSSH\;E:\Storage10\Programs10\Matlab\runtime\win64;E:\Storage10\Programs10\Matlab\bin;E:\Storage10\Programs10\Matlab\polyspace\bin;E:\Storage10\Programs10\Git\cmd;C:\Program Files\dotnet\;E:\Storage10\Programs10\MATLAB\R2020b\runtime\win64;E:\Storage10\Programs10\MATLAB\R2020b\bin;C:\Program Files\Java\jdk-16.0.1\bin;%JAVA_16%\bin;C:\Program Files\Java\jdk-16.0.1\bin;C:\Program Files\Java\jdk1.8.0_231\bin;E:\Storage10\Programs10\Gource\cmd;E:\Storage10\Programmi (x86)\Python36\Scripts\;E:\Storage10\Programmi (x86)\Python36\;C:\Users\UNKNOWN\AppData\Local\Microsoft\WindowsApps;;E:\Storage10\Programs10\JetBrains\IntelliJ IDEA Community Edition 2020.2\bin;
USERNAME=UNKNOWN
OS=Windows_NT
PROCESSOR_IDENTIFIER=Intel64 Family 6 Model 94 Stepping 3, GenuineIntel



---------------  S Y S T E M  ---------------

OS:
 Windows 10 , 64 bit Build 19041 (10.0.19041.1645)
OS uptime: 0 days 2:10 hours

CPU: total 4 (initial active 4) (4 cores per cpu, 1 threads per core) family 6 model 94 stepping 3 microcode 0xcc, cx8, cmov, fxsr, mmx, 3dnowpref, sse, sse2, sse3, ssse3, sse4.1, sse4.2, popcnt, lzcnt, tsc, tscinvbit, avx, avx2, aes, erms, clmul, bmi1, bmi2, rtm, adx, fma, vzeroupper, clflush, clflushopt

Memory: 4k page, system-wide physical 16304M (9562M free)
TotalPageFile size 20038M (AvailPageFile size 9015M)
current process WorkingSet (physical memory assigned to process): 84M, peak: 100M
current process commit charge ("private bytes"): 376M, peak: 395M

vm_info: Java HotSpot(TM) 64-Bit Server VM (16.0.1+9-24) for windows-amd64 JRE (16.0.1+9-24), built on Mar 26 2021 19:31:42 by "mach5one" with MS VC++ 16.7 (VS2019)

END.
